<?xml version="1.0" encoding="UTF-8"?>
<testng-results skipped="0" failed="0" ignored="0" total="1" passed="1">
  <reporter-output>
  </reporter-output>
  <suite name="Suite" duration-ms="21112" started-at="2020-05-19T05:39:02Z" finished-at="2020-05-19T05:39:23Z">
    <groups>
    </groups>
    <test name="Test" duration-ms="21112" started-at="2020-05-19T05:39:02Z" finished-at="2020-05-19T05:39:23Z">
      <class name="dhriti.dhriti.Testcase">
        <test-method status="PASS" signature="setUp()[pri:0, instance:dhriti.dhriti.Testcase@18a70f16]" name="setUp" is-config="true" duration-ms="10718" started-at="2020-05-19T05:39:02Z" finished-at="2020-05-19T05:39:12Z">
          <reporter-output>
          </reporter-output>
        </test-method> <!-- setUp -->
        <test-method status="PASS" signature="testCompare()[pri:0, instance:dhriti.dhriti.Testcase@18a70f16]" name="testCompare" duration-ms="8898" started-at="2020-05-19T05:39:12Z" finished-at="2020-05-19T05:39:21Z">
          <reporter-output>
          </reporter-output>
        </test-method> <!-- testCompare -->
        <test-method status="PASS" signature="tearDown()[pri:0, instance:dhriti.dhriti.Testcase@18a70f16]" name="tearDown" is-config="true" duration-ms="1472" started-at="2020-05-19T05:39:21Z" finished-at="2020-05-19T05:39:23Z">
          <reporter-output>
          </reporter-output>
        </test-method> <!-- tearDown -->
      </class> <!-- dhriti.dhriti.Testcase -->
    </test> <!-- Test -->
  </suite> <!-- Suite -->
</testng-results>
