<?xml version="1.0" encoding="UTF-8"?>
<testng-results skipped="0" failed="0" ignored="0" total="1" passed="1">
  <reporter-output>
  </reporter-output>
  <suite name="Suite" duration-ms="11441" started-at="2020-05-18T17:10:13Z" finished-at="2020-05-18T17:10:24Z">
    <groups>
    </groups>
    <test name="Test" duration-ms="11441" started-at="2020-05-18T17:10:13Z" finished-at="2020-05-18T17:10:24Z">
      <class name="dhriti.dhriti.Testcase">
        <test-method status="PASS" signature="setUp()[pri:0, instance:dhriti.dhriti.Testcase@37e547da]" name="setUp" is-config="true" duration-ms="6595" started-at="2020-05-18T17:10:13Z" finished-at="2020-05-18T17:10:19Z">
          <reporter-output>
          </reporter-output>
        </test-method> <!-- setUp -->
        <test-method status="PASS" signature="testCompare()[pri:0, instance:dhriti.dhriti.Testcase@37e547da]" name="testCompare" duration-ms="3863" started-at="2020-05-18T17:10:19Z" finished-at="2020-05-18T17:10:23Z">
          <reporter-output>
          </reporter-output>
        </test-method> <!-- testCompare -->
        <test-method status="PASS" signature="tearDown()[pri:0, instance:dhriti.dhriti.Testcase@37e547da]" name="tearDown" is-config="true" duration-ms="956" started-at="2020-05-18T17:10:23Z" finished-at="2020-05-18T17:10:24Z">
          <reporter-output>
          </reporter-output>
        </test-method> <!-- tearDown -->
      </class> <!-- dhriti.dhriti.Testcase -->
    </test> <!-- Test -->
  </suite> <!-- Suite -->
</testng-results>
